<?xml version="1.0" encoding="UTF-8"?>
<!-- Generated by org.testng.reporters.JUnitXMLReporter -->
<testsuite hostname="ALISON-HP" ignored="0" name="Test Main Page Element" tests="1" failures="1" timestamp="18 May 2019 17:17:45 GMT" time="89.009" errors="0">
  <testcase name="testElements_MainPage" time="31.552" classname="Testcases.MainPageTests">
    <failure type="org.openqa.selenium.TimeoutException" message="Expected condition failed: waiting for presence of element located by: By.xpath: /html[1]/body[1]/div[8]/header[2]/div[1]/div[3]/div[1]/div[3]/ul[1]/li[1]/form[1]/span[1] (tried for 30 second(s) with 500 MILLISECONDS interval)">
      <![CDATA[org.openqa.selenium.TimeoutException: Expected condition failed: waiting for presence of element located by: By.xpath: /html[1]/body[1]/div[8]/header[2]/div[1]/div[3]/div[1]/div[3]/ul[1]/li[1]/form[1]/span[1] (tried for 30 second(s) with 500 MILLISECONDS interval)
at org.openqa.selenium.support.ui.WebDriverWait.timeoutException(WebDriverWait.java:80)
at org.openqa.selenium.support.ui.FluentWait.until(FluentWait.java:232)
at GlobalClasses.ActionKeywords.clickSearchToolMainPage(ActionKeywords.java:222)
at Pageobjects.ColorTheWorldMainPage.clickSearchToolIcon(ColorTheWorldMainPage.java:57)
at Testcases.MainPageTests.testElements_MainPage(MainPageTests.java:46)
Caused by: org.openqa.selenium.NoSuchElementException: Cannot locate an element using By.xpath: /html[1]/body[1]/div[8]/header[2]/div[1]/div[3]/div[1]/div[3]/ul[1]/li[1]/form[1]/span[1]
For documentation on this error, please visit: http://seleniumhq.org/exceptions/no_such_element.html
Build info: version: '3.4.0', revision: 'unknown', time: 'unknown'
System info: host: 'ALISON-HP', ip: '10.0.0.242', os.name: 'Windows 7', os.arch: 'amd64', os.version: '6.1', java.version: '1.8.0_181'
Driver info: driver.version: unknown
at org.openqa.selenium.support.ui.ExpectedConditions.lambda$findElement$0(ExpectedConditions.java:883)
at java.util.Optional.orElseThrow(Optional.java:290)
at org.openqa.selenium.support.ui.ExpectedConditions.findElement(ExpectedConditions.java:882)
at org.openqa.selenium.support.ui.ExpectedConditions.access$000(ExpectedConditions.java:44)
at org.openqa.selenium.support.ui.ExpectedConditions$6.apply(ExpectedConditions.java:183)
at org.openqa.selenium.support.ui.ExpectedConditions$6.apply(ExpectedConditions.java:180)
at org.openqa.selenium.support.ui.FluentWait.until(FluentWait.java:209)
... 28 more
... Removed 25 stack frames]]>
    </failure>
  </testcase> <!-- testElements_MainPage -->
</testsuite> <!-- Test Main Page Element -->
